<?xml version="1.0" encoding="UTF-8"?>
<!-- Generated by org.testng.reporters.JUnitReportReporter -->
<testsuite hostname="DESKTOP-AT6REJ3" failures="0" tests="5" name="com.medelz.testCases.USERDETAILS_change_entity_image" time="0.047" errors="0" timestamp="2024-01-11T17:23:57 PKT" skipped="0">
  <testcase classname="com.medelz.testCases.USERDETAILS_change_entity_image" name="checkStatusCode" time="0.006"/>
  <system-out/>
  <testcase classname="com.medelz.testCases.USERDETAILS_change_entity_image" name="checkserverType" time="0.007"/>
  <system-out/>
  <testcase classname="com.medelz.testCases.USERDETAILS_change_entity_image" name="checkResponseTime" time="0.004"/>
  <system-out/>
  <testcase classname="com.medelz.testCases.USERDETAILS_change_entity_image" name="checkContentType" time="0.011"/>
  <system-out/>
  <testcase classname="com.medelz.testCases.USERDETAILS_change_entity_image" name="checkResposeBody" time="0.019"/>
  <system-out/>
</testsuite> <!-- com.medelz.testCases.USERDETAILS_change_entity_image -->
