<?xml version="1.0" encoding="UTF-8"?>
<!-- Generated by org.testng.reporters.JUnitReportReporter -->
<testsuite hostname="DESKTOP-AT6REJ3" failures="0" tests="5" name="com.medelz.testCases.UPDATEEMAIL_verify_otp" time="0.015" errors="0" timestamp="2024-01-16T11:02:14 PKT" skipped="0">
  <testcase classname="com.medelz.testCases.UPDATEEMAIL_verify_otp" name="checkResponseTime" time="0.003"/>
  <system-out/>
  <testcase classname="com.medelz.testCases.UPDATEEMAIL_verify_otp" name="checkStatusCode" time="0.002"/>
  <system-out/>
  <testcase classname="com.medelz.testCases.UPDATEEMAIL_verify_otp" name="checkContentType" time="0.003"/>
  <system-out/>
  <testcase classname="com.medelz.testCases.UPDATEEMAIL_verify_otp" name="checkResposeBody" time="0.005"/>
  <system-out/>
  <testcase classname="com.medelz.testCases.UPDATEEMAIL_verify_otp" name="checkserverType" time="0.002"/>
  <system-out/>
</testsuite> <!-- com.medelz.testCases.UPDATEEMAIL_verify_otp -->
