<?xml version="1.0" encoding="UTF-8"?>
<!-- Generated by org.testng.reporters.JUnitReportReporter -->
<testsuite hostname="DESKTOP-AT6REJ3" failures="0" tests="5" name="com.medelz.testCases.AUTH_pre_registeration_data_validation" time="0.063" errors="0" timestamp="2024-01-16T10:30:18 PKT" skipped="0">
  <testcase classname="com.medelz.testCases.AUTH_pre_registeration_data_validation" name="checkResposeBody" time="0.031"/>
  <system-out/>
  <testcase classname="com.medelz.testCases.AUTH_pre_registeration_data_validation" name="checkserverType" time="0.007"/>
  <system-out/>
  <testcase classname="com.medelz.testCases.AUTH_pre_registeration_data_validation" name="checkStatusCode" time="0.004"/>
  <system-out/>
  <testcase classname="com.medelz.testCases.AUTH_pre_registeration_data_validation" name="checkContentType" time="0.014"/>
  <system-out/>
  <testcase classname="com.medelz.testCases.AUTH_pre_registeration_data_validation" name="checkResponseTime" time="0.007"/>
  <system-out/>
</testsuite> <!-- com.medelz.testCases.AUTH_pre_registeration_data_validation -->
