<?xml version="1.0" encoding="UTF-8"?>
<!-- Generated by org.testng.reporters.JUnitReportReporter -->
<testsuite hostname="DESKTOP-AT6REJ3" failures="0" tests="5" name="com.medelz.testCases.HOME_landing_page" time="0.042" errors="0" timestamp="2024-01-11T10:26:42 PKT" skipped="0">
  <testcase classname="com.medelz.testCases.HOME_landing_page" name="checkResposeBody" time="0.025"/>
  <system-out/>
  <testcase classname="com.medelz.testCases.HOME_landing_page" name="checkResponseTime" time="0.010"/>
  <system-out/>
  <testcase classname="com.medelz.testCases.HOME_landing_page" name="checkserverType" time="0.002"/>
  <system-out/>
  <testcase classname="com.medelz.testCases.HOME_landing_page" name="checkContentType" time="0.004"/>
  <system-out/>
  <testcase classname="com.medelz.testCases.HOME_landing_page" name="checkStatusCode" time="0.001"/>
  <system-out/>
</testsuite> <!-- com.medelz.testCases.HOME_landing_page -->
