<?xml version="1.0" encoding="UTF-8"?>
<!-- Generated by org.testng.reporters.JUnitReportReporter -->
<testsuite hostname="DESKTOP-AT6REJ3" failures="0" tests="4" name="com.medelz.testCases.AUTH_user_login" time="0.037" errors="0" timestamp="2024-01-11T10:26:42 PKT" skipped="0">
  <testcase classname="com.medelz.testCases.AUTH_user_login" name="checkResposeBody" time="0.019"/>
  <system-out/>
  <testcase classname="com.medelz.testCases.AUTH_user_login" name="checkStatusCode" time="0.003"/>
  <system-out/>
  <testcase classname="com.medelz.testCases.AUTH_user_login" name="checkContentType" time="0.010"/>
  <system-out/>
  <testcase classname="com.medelz.testCases.AUTH_user_login" name="checkserverType" time="0.005"/>
  <system-out/>
</testsuite> <!-- com.medelz.testCases.AUTH_user_login -->
