<?xml version="1.0" encoding="UTF-8"?>
<!-- Generated by org.testng.reporters.JUnitReportReporter -->
<testsuite hostname="DESKTOP-AT6REJ3" failures="0" tests="5" name="com.medelz.testCases.AUTH_user_registeration" time="0.057" errors="0" timestamp="2024-01-14T21:21:26 PKT" skipped="0">
  <testcase classname="com.medelz.testCases.AUTH_user_registeration" name="checkResponseTime" time="0.008"/>
  <system-out/>
  <testcase classname="com.medelz.testCases.AUTH_user_registeration" name="checkserverType" time="0.011"/>
  <system-out/>
  <testcase classname="com.medelz.testCases.AUTH_user_registeration" name="checkResposeBody" time="0.021"/>
  <system-out/>
  <testcase classname="com.medelz.testCases.AUTH_user_registeration" name="checkStatusCode" time="0.004"/>
  <system-out/>
  <testcase classname="com.medelz.testCases.AUTH_user_registeration" name="checkContentType" time="0.013"/>
  <system-out/>
</testsuite> <!-- com.medelz.testCases.AUTH_user_registeration -->
