<?xml version="1.0" encoding="UTF-8"?>
<!-- Generated by org.testng.reporters.JUnitReportReporter -->
<testsuite hostname="DESKTOP-AT6REJ3" failures="0" tests="5" name="com.medelz.testCases.SINGLECONTENT_delete_content_entity" time="0.009" errors="0" timestamp="2024-01-22T05:28:35 PKT" skipped="0">
  <testcase classname="com.medelz.testCases.SINGLECONTENT_delete_content_entity" name="checkResponseTime" time="0.001"/>
  <system-out/>
  <testcase classname="com.medelz.testCases.SINGLECONTENT_delete_content_entity" name="checkserverType" time="0.002"/>
  <system-out/>
  <testcase classname="com.medelz.testCases.SINGLECONTENT_delete_content_entity" name="checkResposeBody" time="0.004"/>
  <system-out/>
  <testcase classname="com.medelz.testCases.SINGLECONTENT_delete_content_entity" name="checkStatusCode" time="0.001"/>
  <system-out/>
  <testcase classname="com.medelz.testCases.SINGLECONTENT_delete_content_entity" name="checkContentType" time="0.001"/>
  <system-out/>
</testsuite> <!-- com.medelz.testCases.SINGLECONTENT_delete_content_entity -->
