<?xml version="1.0" encoding="UTF-8"?>
<!-- Generated by org.testng.reporters.JUnitReportReporter -->
<testsuite hostname="DESKTOP-AT6REJ3" failures="0" tests="5" name="com.medelz.testCases.SINGLECONTENT_public_song" time="0.035" errors="0" timestamp="2024-01-11T12:40:24 PKT" skipped="0">
  <testcase classname="com.medelz.testCases.SINGLECONTENT_public_song" name="checkResponseTime" time="0.002"/>
  <system-out/>
  <testcase classname="com.medelz.testCases.SINGLECONTENT_public_song" name="checkserverType" time="0.003"/>
  <system-out/>
  <testcase classname="com.medelz.testCases.SINGLECONTENT_public_song" name="checkContentType" time="0.011"/>
  <system-out/>
  <testcase classname="com.medelz.testCases.SINGLECONTENT_public_song" name="checkResposeBody" time="0.018"/>
  <system-out/>
  <testcase classname="com.medelz.testCases.SINGLECONTENT_public_song" name="checkStatusCode" time="0.001"/>
  <system-out/>
</testsuite> <!-- com.medelz.testCases.SINGLECONTENT_public_song -->
