<?xml version="1.0" encoding="UTF-8"?>
<!-- Generated by org.testng.reporters.JUnitReportReporter -->
<testsuite hostname="DESKTOP-AT6REJ3" failures="0" tests="5" name="com.medelz.testCases.PLAYLIST_create_playlist" time="0.006" errors="0" timestamp="2024-02-14T13:52:32 PKT" skipped="0">
  <testcase classname="com.medelz.testCases.PLAYLIST_create_playlist" name="checkserverType" time="0.001"/>
  <system-out/>
  <testcase classname="com.medelz.testCases.PLAYLIST_create_playlist" name="checkResposeBody" time="0.001"/>
  <system-out/>
  <testcase classname="com.medelz.testCases.PLAYLIST_create_playlist" name="checkContentType" time="0.001"/>
  <system-out/>
  <testcase classname="com.medelz.testCases.PLAYLIST_create_playlist" name="checkStatusCode" time="0.001"/>
  <system-out/>
  <testcase classname="com.medelz.testCases.PLAYLIST_create_playlist" name="checkResponseTime" time="0.002"/>
  <system-out/>
</testsuite> <!-- com.medelz.testCases.PLAYLIST_create_playlist -->
