<?xml version="1.0" encoding="UTF-8"?>
<!-- Generated by org.testng.reporters.JUnitReportReporter -->
<testsuite hostname="DESKTOP-AT6REJ3" failures="0" tests="5" name="com.medelz.testCases.SINGLECONTENT2_edit_single_content" time="0.048" errors="0" timestamp="2024-01-11T17:05:42 PKT" skipped="0">
  <testcase classname="com.medelz.testCases.SINGLECONTENT2_edit_single_content" name="checkResponseTime" time="0.006"/>
  <system-out/>
  <testcase classname="com.medelz.testCases.SINGLECONTENT2_edit_single_content" name="checkserverType" time="0.004"/>
  <system-out/>
  <testcase classname="com.medelz.testCases.SINGLECONTENT2_edit_single_content" name="checkResposeBody" time="0.022"/>
  <system-out/>
  <testcase classname="com.medelz.testCases.SINGLECONTENT2_edit_single_content" name="checkStatusCode" time="0.005"/>
  <system-out/>
  <testcase classname="com.medelz.testCases.SINGLECONTENT2_edit_single_content" name="checkContentType" time="0.011"/>
  <system-out/>
</testsuite> <!-- com.medelz.testCases.SINGLECONTENT2_edit_single_content -->
