<?xml version="1.0" encoding="UTF-8"?>
<!-- Generated by org.testng.reporters.JUnitReportReporter -->
<testsuite hostname="DESKTOP-AT6REJ3" failures="0" tests="5" name="com.medelz.testCases.FORGOTTENPASSWORD_password_reset_email" time="0.050" errors="0" timestamp="2024-01-11T17:56:07 PKT" skipped="0">
  <testcase classname="com.medelz.testCases.FORGOTTENPASSWORD_password_reset_email" name="checkResponseTime" time="0.005"/>
  <system-out/>
  <testcase classname="com.medelz.testCases.FORGOTTENPASSWORD_password_reset_email" name="checkContentType" time="0.016"/>
  <system-out/>
  <testcase classname="com.medelz.testCases.FORGOTTENPASSWORD_password_reset_email" name="checkStatusCode" time="0.005"/>
  <system-out/>
  <testcase classname="com.medelz.testCases.FORGOTTENPASSWORD_password_reset_email" name="checkserverType" time="0.006"/>
  <system-out/>
  <testcase classname="com.medelz.testCases.FORGOTTENPASSWORD_password_reset_email" name="checkResposeBody" time="0.018"/>
  <system-out/>
</testsuite> <!-- com.medelz.testCases.FORGOTTENPASSWORD_password_reset_email -->
