<?xml version="1.0" encoding="UTF-8"?>
<!-- Generated by org.testng.reporters.JUnitReportReporter -->
<testsuite hostname="DESKTOP-AT6REJ3" failures="0" tests="5" name="com.medelz.testCases.HOME_trending_categories_content" time="0.020" errors="0" timestamp="2024-01-15T09:59:04 PKT" skipped="0">
  <testcase classname="com.medelz.testCases.HOME_trending_categories_content" name="checkResponseTime" time="0.003"/>
  <system-out/>
  <testcase classname="com.medelz.testCases.HOME_trending_categories_content" name="checkStatusCode" time="0.005"/>
  <system-out/>
  <testcase classname="com.medelz.testCases.HOME_trending_categories_content" name="checkserverType" time="0.004"/>
  <system-out/>
  <testcase classname="com.medelz.testCases.HOME_trending_categories_content" name="checkContentType" time="0.001"/>
  <system-out/>
  <testcase classname="com.medelz.testCases.HOME_trending_categories_content" name="checkResposeBody" time="0.007"/>
  <system-out/>
</testsuite> <!-- com.medelz.testCases.HOME_trending_categories_content -->
