<?xml version="1.0" encoding="UTF-8"?>
<!-- Generated by org.testng.reporters.JUnitReportReporter -->
<testsuite hostname="DESKTOP-AT6REJ3" failures="0" tests="5" name="com.medelz.testCases.HOME_upload_file" time="0.014" errors="0" timestamp="2024-01-15T11:25:20 PKT" skipped="0">
  <testcase classname="com.medelz.testCases.HOME_upload_file" name="checkStatusCode" time="0.003"/>
  <system-out/>
  <testcase classname="com.medelz.testCases.HOME_upload_file" name="checkserverType" time="0.002"/>
  <system-out/>
  <testcase classname="com.medelz.testCases.HOME_upload_file" name="checkResponseTime" time="0.003"/>
  <system-out/>
  <testcase classname="com.medelz.testCases.HOME_upload_file" name="checkResposeBody" time="0.004"/>
  <system-out/>
  <testcase classname="com.medelz.testCases.HOME_upload_file" name="checkContentType" time="0.002"/>
  <system-out/>
</testsuite> <!-- com.medelz.testCases.HOME_upload_file -->
