<?xml version="1.0" encoding="UTF-8"?>
<!-- Generated by org.testng.reporters.JUnitReportReporter -->
<testsuite hostname="DESKTOP-AT6REJ3" failures="0" tests="5" name="com.medelz.testCases.USERDETAILS_change_user_details" time="0.012" errors="0" timestamp="2024-01-15T11:25:20 PKT" skipped="0">
  <testcase classname="com.medelz.testCases.USERDETAILS_change_user_details" name="checkResponseTime" time="0.006"/>
  <system-out/>
  <testcase classname="com.medelz.testCases.USERDETAILS_change_user_details" name="checkserverType" time="0.001"/>
  <system-out/>
  <testcase classname="com.medelz.testCases.USERDETAILS_change_user_details" name="checkContentType" time="0.001"/>
  <system-out/>
  <testcase classname="com.medelz.testCases.USERDETAILS_change_user_details" name="checkResposeBody" time="0.001"/>
  <system-out/>
  <testcase classname="com.medelz.testCases.USERDETAILS_change_user_details" name="checkStatusCode" time="0.003"/>
  <system-out/>
</testsuite> <!-- com.medelz.testCases.USERDETAILS_change_user_details -->
