<?xml version="1.0" encoding="UTF-8"?>
<!-- Generated by org.testng.reporters.JUnitReportReporter -->
<testsuite hostname="DESKTOP-AT6REJ3" failures="0" tests="5" name="com.medelz.testCases.MEDELZCONTENT_my_content_medelz" time="0.007" errors="0" timestamp="2024-01-15T11:25:20 PKT" skipped="0">
  <testcase classname="com.medelz.testCases.MEDELZCONTENT_my_content_medelz" name="checkResposeBody" time="0.003"/>
  <system-out/>
  <testcase classname="com.medelz.testCases.MEDELZCONTENT_my_content_medelz" name="checkContentType" time="0.001"/>
  <system-out/>
  <testcase classname="com.medelz.testCases.MEDELZCONTENT_my_content_medelz" name="checkStatusCode" time="0.001"/>
  <system-out/>
  <testcase classname="com.medelz.testCases.MEDELZCONTENT_my_content_medelz" name="checkserverType" time="0.001"/>
  <system-out/>
  <testcase classname="com.medelz.testCases.MEDELZCONTENT_my_content_medelz" name="checkResponseTime" time="0.001"/>
  <system-out/>
</testsuite> <!-- com.medelz.testCases.MEDELZCONTENT_my_content_medelz -->
