<?xml version="1.0" encoding="UTF-8"?>
<!-- Generated by org.testng.reporters.JUnitReportReporter -->
<testsuite hostname="DESKTOP-AT6REJ3" failures="0" tests="5" name="com.medelz.testCases.PLAYLIST_delete_playlist" time="0.041" errors="0" timestamp="2024-01-11T12:43:41 PKT" skipped="0">
  <testcase classname="com.medelz.testCases.PLAYLIST_delete_playlist" name="checkResponseTime" time="0.004"/>
  <system-out/>
  <testcase classname="com.medelz.testCases.PLAYLIST_delete_playlist" name="checkserverType" time="0.005"/>
  <system-out/>
  <testcase classname="com.medelz.testCases.PLAYLIST_delete_playlist" name="checkResposeBody" time="0.016"/>
  <system-out/>
  <testcase classname="com.medelz.testCases.PLAYLIST_delete_playlist" name="checkStatusCode" time="0.005"/>
  <system-out/>
  <testcase classname="com.medelz.testCases.PLAYLIST_delete_playlist" name="checkContentType" time="0.011"/>
  <system-out/>
</testsuite> <!-- com.medelz.testCases.PLAYLIST_delete_playlist -->
