<?xml version="1.0" encoding="UTF-8"?>
<!-- Generated by org.testng.reporters.JUnitReportReporter -->
<testsuite hostname="DESKTOP-AT6REJ3" failures="0" tests="5" name="com.medelz.testCases.USERDETAILS_change_entity_image" time="0.010" errors="0" timestamp="2024-01-16T10:30:17 PKT" skipped="0">
  <testcase classname="com.medelz.testCases.USERDETAILS_change_entity_image" name="checkStatusCode" time="0.002"/>
  <system-out/>
  <testcase classname="com.medelz.testCases.USERDETAILS_change_entity_image" name="checkResponseTime" time="0.002"/>
  <system-out/>
  <testcase classname="com.medelz.testCases.USERDETAILS_change_entity_image" name="checkResposeBody" time="0.003"/>
  <system-out/>
  <testcase classname="com.medelz.testCases.USERDETAILS_change_entity_image" name="checkContentType" time="0.002"/>
  <system-out/>
  <testcase classname="com.medelz.testCases.USERDETAILS_change_entity_image" name="checkserverType" time="0.001"/>
  <system-out/>
</testsuite> <!-- com.medelz.testCases.USERDETAILS_change_entity_image -->
