<?xml version="1.0" encoding="UTF-8"?>
<!-- Generated by org.testng.reporters.JUnitReportReporter -->
<testsuite hostname="DESKTOP-AT6REJ3" failures="0" tests="5" name="com.medelz.testCases.ALBUM_update_album" time="0.041" errors="0" timestamp="2024-01-11T13:16:51 PKT" skipped="0">
  <testcase classname="com.medelz.testCases.ALBUM_update_album" name="checkResponseTime" time="0.003"/>
  <system-out/>
  <testcase classname="com.medelz.testCases.ALBUM_update_album" name="checkserverType" time="0.008"/>
  <system-out/>
  <testcase classname="com.medelz.testCases.ALBUM_update_album" name="checkResposeBody" time="0.016"/>
  <system-out/>
  <testcase classname="com.medelz.testCases.ALBUM_update_album" name="checkStatusCode" time="0.004"/>
  <system-out/>
  <testcase classname="com.medelz.testCases.ALBUM_update_album" name="checkContentType" time="0.010"/>
  <system-out/>
</testsuite> <!-- com.medelz.testCases.ALBUM_update_album -->
