<?xml version="1.0" encoding="UTF-8"?>
<!-- Generated by org.testng.reporters.JUnitReportReporter -->
<testsuite hostname="DESKTOP-AT6REJ3" failures="0" tests="5" name="com.medelz.testCases.SINGLECONTENT_delete_content_entity" time="0.083" errors="0" timestamp="2024-01-11T12:20:32 PKT" skipped="0">
  <testcase classname="com.medelz.testCases.SINGLECONTENT_delete_content_entity" name="checkResponseTime" time="0.007"/>
  <system-out/>
  <testcase classname="com.medelz.testCases.SINGLECONTENT_delete_content_entity" name="checkserverType" time="0.011"/>
  <system-out/>
  <testcase classname="com.medelz.testCases.SINGLECONTENT_delete_content_entity" name="checkResposeBody" time="0.035"/>
  <system-out/>
  <testcase classname="com.medelz.testCases.SINGLECONTENT_delete_content_entity" name="checkStatusCode" time="0.017"/>
  <system-out/>
  <testcase classname="com.medelz.testCases.SINGLECONTENT_delete_content_entity" name="checkContentType" time="0.013"/>
  <system-out/>
</testsuite> <!-- com.medelz.testCases.SINGLECONTENT_delete_content_entity -->
