<?xml version="1.0" encoding="UTF-8"?>
<!-- Generated by org.testng.reporters.JUnitReportReporter -->
<testsuite hostname="DESKTOP-AT6REJ3" failures="0" tests="5" name="com.medelz.testCases.SINGLECONTENT2_get_comment" time="0.040" errors="0" timestamp="2024-01-11T16:52:27 PKT" skipped="0">
  <testcase classname="com.medelz.testCases.SINGLECONTENT2_get_comment" name="checkResponseTime" time="0.005"/>
  <system-out/>
  <testcase classname="com.medelz.testCases.SINGLECONTENT2_get_comment" name="checkserverType" time="0.005"/>
  <system-out/>
  <testcase classname="com.medelz.testCases.SINGLECONTENT2_get_comment" name="checkResposeBody" time="0.016"/>
  <system-out/>
  <testcase classname="com.medelz.testCases.SINGLECONTENT2_get_comment" name="checkStatusCode" time="0.005"/>
  <system-out/>
  <testcase classname="com.medelz.testCases.SINGLECONTENT2_get_comment" name="checkContentType" time="0.009"/>
  <system-out/>
</testsuite> <!-- com.medelz.testCases.SINGLECONTENT2_get_comment -->
