<?xml version="1.0" encoding="UTF-8"?>
<!-- Generated by org.testng.reporters.JUnitReportReporter -->
<testsuite hostname="DESKTOP-AT6REJ3" failures="0" tests="5" name="com.medelz.testCases.UPDATEEMAIL_verify__old_email" time="0.073" errors="0" timestamp="2024-01-11T18:18:33 PKT" skipped="0">
  <testcase classname="com.medelz.testCases.UPDATEEMAIL_verify__old_email" name="checkResponseTime" time="0.006"/>
  <system-out/>
  <testcase classname="com.medelz.testCases.UPDATEEMAIL_verify__old_email" name="checkContentType" time="0.014"/>
  <system-out/>
  <testcase classname="com.medelz.testCases.UPDATEEMAIL_verify__old_email" name="checkStatusCode" time="0.012"/>
  <system-out/>
  <testcase classname="com.medelz.testCases.UPDATEEMAIL_verify__old_email" name="checkserverType" time="0.015"/>
  <system-out/>
  <testcase classname="com.medelz.testCases.UPDATEEMAIL_verify__old_email" name="checkResposeBody" time="0.026"/>
  <system-out/>
</testsuite> <!-- com.medelz.testCases.UPDATEEMAIL_verify__old_email -->
