<?xml version="1.0" encoding="UTF-8"?>
<!-- Generated by org.testng.reporters.JUnitReportReporter -->
<testsuite hostname="DESKTOP-AT6REJ3" failures="0" tests="5" name="com.medelz.testCases.PLAYLIST_create_playlist" time="0.035" errors="0" timestamp="2024-01-11T11:34:55 PKT" skipped="0">
  <testcase classname="com.medelz.testCases.PLAYLIST_create_playlist" name="checkContentType" time="0.011"/>
  <system-out/>
  <testcase classname="com.medelz.testCases.PLAYLIST_create_playlist" name="checkResposeBody" time="0.016"/>
  <system-out/>
  <testcase classname="com.medelz.testCases.PLAYLIST_create_playlist" name="checkResponseTime" time="0.003"/>
  <system-out/>
  <testcase classname="com.medelz.testCases.PLAYLIST_create_playlist" name="checkStatusCode" time="0.002"/>
  <system-out/>
  <testcase classname="com.medelz.testCases.PLAYLIST_create_playlist" name="checkserverType" time="0.003"/>
  <system-out/>
</testsuite> <!-- com.medelz.testCases.PLAYLIST_create_playlist -->
