<?xml version="1.0" encoding="UTF-8"?>
<!-- Generated by org.testng.reporters.JUnitReportReporter -->
<testsuite hostname="DESKTOP-AT6REJ3" failures="0" tests="5" name="com.medelz.testCases.UPDATEEMAIL_verify__old_email" time="0.003" errors="0" timestamp="2024-01-15T09:59:04 PKT" skipped="0">
  <testcase classname="com.medelz.testCases.UPDATEEMAIL_verify__old_email" name="checkserverType" time="0.000"/>
  <system-out/>
  <testcase classname="com.medelz.testCases.UPDATEEMAIL_verify__old_email" name="checkResposeBody" time="0.001"/>
  <system-out/>
  <testcase classname="com.medelz.testCases.UPDATEEMAIL_verify__old_email" name="checkContentType" time="0.001"/>
  <system-out/>
  <testcase classname="com.medelz.testCases.UPDATEEMAIL_verify__old_email" name="checkResponseTime" time="0.000"/>
  <system-out/>
  <testcase classname="com.medelz.testCases.UPDATEEMAIL_verify__old_email" name="checkStatusCode" time="0.001"/>
  <system-out/>
</testsuite> <!-- com.medelz.testCases.UPDATEEMAIL_verify__old_email -->
