<?xml version="1.0" encoding="UTF-8"?>
<!-- Generated by org.testng.reporters.JUnitReportReporter -->
<testsuite hostname="DESKTOP-AT6REJ3" failures="0" tests="4" name="com.medelz.testCases.AUTH_user_login" time="0.031" errors="0" timestamp="2024-02-14T13:52:32 PKT" skipped="0">
  <testcase classname="com.medelz.testCases.AUTH_user_login" name="checkResposeBody" time="0.015"/>
  <system-out/>
  <testcase classname="com.medelz.testCases.AUTH_user_login" name="checkContentType" time="0.009"/>
  <system-out/>
  <testcase classname="com.medelz.testCases.AUTH_user_login" name="checkserverType" time="0.002"/>
  <system-out/>
  <testcase classname="com.medelz.testCases.AUTH_user_login" name="checkStatusCode" time="0.005"/>
  <system-out/>
</testsuite> <!-- com.medelz.testCases.AUTH_user_login -->
