<?xml version="1.0" encoding="UTF-8"?>
<!-- Generated by org.testng.reporters.JUnitReportReporter -->
<testsuite hostname="DESKTOP-AT6REJ3" failures="0" tests="5" name="com.medelz.testCases.SINGLECONTENT2_add_comment" time="0.008" errors="0" timestamp="2024-01-15T09:59:04 PKT" skipped="0">
  <testcase classname="com.medelz.testCases.SINGLECONTENT2_add_comment" name="checkserverType" time="0.001"/>
  <system-out/>
  <testcase classname="com.medelz.testCases.SINGLECONTENT2_add_comment" name="checkResposeBody" time="0.002"/>
  <system-out/>
  <testcase classname="com.medelz.testCases.SINGLECONTENT2_add_comment" name="checkStatusCode" time="0.001"/>
  <system-out/>
  <testcase classname="com.medelz.testCases.SINGLECONTENT2_add_comment" name="checkResponseTime" time="0.002"/>
  <system-out/>
  <testcase classname="com.medelz.testCases.SINGLECONTENT2_add_comment" name="checkContentType" time="0.002"/>
  <system-out/>
</testsuite> <!-- com.medelz.testCases.SINGLECONTENT2_add_comment -->
