<?xml version="1.0" encoding="UTF-8"?>
<!-- Generated by org.testng.reporters.JUnitReportReporter -->
<testsuite hostname="DESKTOP-AT6REJ3" failures="0" tests="5" name="com.medelz.testCases.ALBUM_delete_album" time="0.037" errors="0" timestamp="2024-01-11T13:30:19 PKT" skipped="0">
  <testcase classname="com.medelz.testCases.ALBUM_delete_album" name="checkResponseTime" time="0.004"/>
  <system-out/>
  <testcase classname="com.medelz.testCases.ALBUM_delete_album" name="checkserverType" time="0.002"/>
  <system-out/>
  <testcase classname="com.medelz.testCases.ALBUM_delete_album" name="checkResposeBody" time="0.017"/>
  <system-out/>
  <testcase classname="com.medelz.testCases.ALBUM_delete_album" name="checkStatusCode" time="0.002"/>
  <system-out/>
  <testcase classname="com.medelz.testCases.ALBUM_delete_album" name="checkContentType" time="0.012"/>
  <system-out/>
</testsuite> <!-- com.medelz.testCases.ALBUM_delete_album -->
