<?xml version="1.0" encoding="UTF-8"?>
<!-- Generated by org.testng.reporters.JUnitReportReporter -->
<testsuite hostname="DESKTOP-AT6REJ3" failures="0" tests="5" name="com.medelz.testCases.SINGLECONTENT2_add_content_to_favourite_list2" time="0.058" errors="0" timestamp="2024-01-11T17:00:00 PKT" skipped="0">
  <testcase classname="com.medelz.testCases.SINGLECONTENT2_add_content_to_favourite_list2" name="checkStatusCode" time="0.005"/>
  <system-out/>
  <testcase classname="com.medelz.testCases.SINGLECONTENT2_add_content_to_favourite_list2" name="checkserverType" time="0.021"/>
  <system-out/>
  <testcase classname="com.medelz.testCases.SINGLECONTENT2_add_content_to_favourite_list2" name="checkResponseTime" time="0.003"/>
  <system-out/>
  <testcase classname="com.medelz.testCases.SINGLECONTENT2_add_content_to_favourite_list2" name="checkContentType" time="0.014"/>
  <system-out/>
  <testcase classname="com.medelz.testCases.SINGLECONTENT2_add_content_to_favourite_list2" name="checkResposeBody" time="0.015"/>
  <system-out/>
</testsuite> <!-- com.medelz.testCases.SINGLECONTENT2_add_content_to_favourite_list2 -->
