<?xml version="1.0" encoding="UTF-8"?>
<!-- Generated by org.testng.reporters.JUnitReportReporter -->
<testsuite hostname="DESKTOP-AT6REJ3" failures="0" tests="4" name="com.medelz.testCases.AUTH_user_login" time="0.025" errors="0" timestamp="2024-01-16T11:02:14 PKT" skipped="0">
  <testcase classname="com.medelz.testCases.AUTH_user_login" name="checkResposeBody" time="0.013"/>
  <system-out/>
  <testcase classname="com.medelz.testCases.AUTH_user_login" name="checkContentType" time="0.007"/>
  <system-out/>
  <testcase classname="com.medelz.testCases.AUTH_user_login" name="checkStatusCode" time="0.003"/>
  <system-out/>
  <testcase classname="com.medelz.testCases.AUTH_user_login" name="checkserverType" time="0.002"/>
  <system-out/>
</testsuite> <!-- com.medelz.testCases.AUTH_user_login -->
