<?xml version="1.0" encoding="UTF-8"?>
<!-- Generated by org.testng.reporters.JUnitReportReporter -->
<testsuite hostname="DESKTOP-AT6REJ3" failures="0" tests="5" name="com.medelz.testCases.SINGLECONTENT2_add_content_to_favourite_list" time="0.040" errors="0" timestamp="2024-01-11T17:02:24 PKT" skipped="0">
  <testcase classname="com.medelz.testCases.SINGLECONTENT2_add_content_to_favourite_list" name="checkResponseTime" time="0.004"/>
  <system-out/>
  <testcase classname="com.medelz.testCases.SINGLECONTENT2_add_content_to_favourite_list" name="checkserverType" time="0.005"/>
  <system-out/>
  <testcase classname="com.medelz.testCases.SINGLECONTENT2_add_content_to_favourite_list" name="checkResposeBody" time="0.015"/>
  <system-out/>
  <testcase classname="com.medelz.testCases.SINGLECONTENT2_add_content_to_favourite_list" name="checkStatusCode" time="0.006"/>
  <system-out/>
  <testcase classname="com.medelz.testCases.SINGLECONTENT2_add_content_to_favourite_list" name="checkContentType" time="0.010"/>
  <system-out/>
</testsuite> <!-- com.medelz.testCases.SINGLECONTENT2_add_content_to_favourite_list -->
