<?xml version="1.0" encoding="UTF-8"?>
<!-- Generated by org.testng.reporters.JUnitReportReporter -->
<testsuite hostname="DESKTOP-AT6REJ3" failures="0" tests="5" name="com.medelz.testCases.USERDETAILS_list_of_followed_users" time="0.043" errors="0" timestamp="2024-01-11T17:27:45 PKT" skipped="0">
  <testcase classname="com.medelz.testCases.USERDETAILS_list_of_followed_users" name="checkResponseTime" time="0.003"/>
  <system-out/>
  <testcase classname="com.medelz.testCases.USERDETAILS_list_of_followed_users" name="checkserverType" time="0.005"/>
  <system-out/>
  <testcase classname="com.medelz.testCases.USERDETAILS_list_of_followed_users" name="checkResposeBody" time="0.017"/>
  <system-out/>
  <testcase classname="com.medelz.testCases.USERDETAILS_list_of_followed_users" name="checkStatusCode" time="0.005"/>
  <system-out/>
  <testcase classname="com.medelz.testCases.USERDETAILS_list_of_followed_users" name="checkContentType" time="0.013"/>
  <system-out/>
</testsuite> <!-- com.medelz.testCases.USERDETAILS_list_of_followed_users -->
