<?xml version="1.0" encoding="UTF-8"?>
<!-- Generated by org.testng.reporters.JUnitReportReporter -->
<testsuite hostname="DESKTOP-AT6REJ3" failures="0" tests="5" name="com.medelz.testCases.HOME_landing_page_api_v2" time="0.064" errors="0" timestamp="2024-01-11T11:08:04 PKT" skipped="0">
  <testcase classname="com.medelz.testCases.HOME_landing_page_api_v2" name="checkserverType" time="0.006"/>
  <system-out/>
  <testcase classname="com.medelz.testCases.HOME_landing_page_api_v2" name="checkContentType" time="0.012"/>
  <system-out/>
  <testcase classname="com.medelz.testCases.HOME_landing_page_api_v2" name="checkResponseTime" time="0.004"/>
  <system-out/>
  <testcase classname="com.medelz.testCases.HOME_landing_page_api_v2" name="checkResposeBody" time="0.035"/>
  <system-out/>
  <testcase classname="com.medelz.testCases.HOME_landing_page_api_v2" name="checkStatusCode" time="0.007"/>
  <system-out/>
</testsuite> <!-- com.medelz.testCases.HOME_landing_page_api_v2 -->
