<?xml version="1.0" encoding="UTF-8"?>
<!-- Generated by org.testng.reporters.JUnitReportReporter -->
<testsuite hostname="DESKTOP-AT6REJ3" failures="0" tests="5" name="com.medelz.testCases.LOCATIONS_get_countries" time="0.043" errors="0" timestamp="2024-01-11T11:24:04 PKT" skipped="0">
  <testcase classname="com.medelz.testCases.LOCATIONS_get_countries" name="checkResponseTime" time="0.003"/>
  <system-out/>
  <testcase classname="com.medelz.testCases.LOCATIONS_get_countries" name="checkserverType" time="0.008"/>
  <system-out/>
  <testcase classname="com.medelz.testCases.LOCATIONS_get_countries" name="checkResposeBody" time="0.018"/>
  <system-out/>
  <testcase classname="com.medelz.testCases.LOCATIONS_get_countries" name="checkStatusCode" time="0.003"/>
  <system-out/>
  <testcase classname="com.medelz.testCases.LOCATIONS_get_countries" name="checkContentType" time="0.011"/>
  <system-out/>
</testsuite> <!-- com.medelz.testCases.LOCATIONS_get_countries -->
