<?xml version="1.0" encoding="UTF-8"?>
<!-- Generated by org.testng.reporters.JUnitReportReporter -->
<testsuite hostname="DESKTOP-AT6REJ3" failures="0" tests="5" name="com.medelz.testCases.HOME_painting_page" time="0.064" errors="0" timestamp="2024-01-11T11:09:41 PKT" skipped="0">
  <testcase classname="com.medelz.testCases.HOME_painting_page" name="checkserverType" time="0.008"/>
  <system-out/>
  <testcase classname="com.medelz.testCases.HOME_painting_page" name="checkContentType" time="0.012"/>
  <system-out/>
  <testcase classname="com.medelz.testCases.HOME_painting_page" name="checkResponseTime" time="0.007"/>
  <system-out/>
  <testcase classname="com.medelz.testCases.HOME_painting_page" name="checkResposeBody" time="0.034"/>
  <system-out/>
  <testcase classname="com.medelz.testCases.HOME_painting_page" name="checkStatusCode" time="0.003"/>
  <system-out/>
</testsuite> <!-- com.medelz.testCases.HOME_painting_page -->
