<?xml version="1.0" encoding="UTF-8"?>
<!-- Generated by org.testng.reporters.JUnitReportReporter -->
<testsuite hostname="DESKTOP-AT6REJ3" failures="0" tests="5" name="com.medelz.testCases.MEDELZCONTENT_my_content_medelz" time="0.048" errors="0" timestamp="2024-01-11T11:25:06 PKT" skipped="0">
  <testcase classname="com.medelz.testCases.MEDELZCONTENT_my_content_medelz" name="checkStatusCode" time="0.005"/>
  <system-out/>
  <testcase classname="com.medelz.testCases.MEDELZCONTENT_my_content_medelz" name="checkserverType" time="0.003"/>
  <system-out/>
  <testcase classname="com.medelz.testCases.MEDELZCONTENT_my_content_medelz" name="checkResponseTime" time="0.006"/>
  <system-out/>
  <testcase classname="com.medelz.testCases.MEDELZCONTENT_my_content_medelz" name="checkContentType" time="0.014"/>
  <system-out/>
  <testcase classname="com.medelz.testCases.MEDELZCONTENT_my_content_medelz" name="checkResposeBody" time="0.020"/>
  <system-out/>
</testsuite> <!-- com.medelz.testCases.MEDELZCONTENT_my_content_medelz -->
