<?xml version="1.0" encoding="UTF-8"?>
<!-- Generated by org.testng.reporters.JUnitReportReporter -->
<testsuite hostname="DESKTOP-AT6REJ3" failures="0" tests="5" name="com.medelz.testCases.SINGLECONTENT2_favourite_list" time="0.035" errors="0" timestamp="2024-01-11T17:03:31 PKT" skipped="0">
  <testcase classname="com.medelz.testCases.SINGLECONTENT2_favourite_list" name="checkStatusCode" time="0.002"/>
  <system-out/>
  <testcase classname="com.medelz.testCases.SINGLECONTENT2_favourite_list" name="checkResponseTime" time="0.004"/>
  <system-out/>
  <testcase classname="com.medelz.testCases.SINGLECONTENT2_favourite_list" name="checkResposeBody" time="0.016"/>
  <system-out/>
  <testcase classname="com.medelz.testCases.SINGLECONTENT2_favourite_list" name="checkContentType" time="0.011"/>
  <system-out/>
  <testcase classname="com.medelz.testCases.SINGLECONTENT2_favourite_list" name="checkserverType" time="0.002"/>
  <system-out/>
</testsuite> <!-- com.medelz.testCases.SINGLECONTENT2_favourite_list -->
