<?xml version="1.0" encoding="UTF-8"?>
<!-- Generated by org.testng.reporters.JUnitReportReporter -->
<testsuite hostname="DESKTOP-AT6REJ3" failures="0" tests="5" name="com.medelz.testCases.SINGLECONTENT2_update_comment" time="0.054" errors="0" timestamp="2024-01-11T16:50:34 PKT" skipped="0">
  <testcase classname="com.medelz.testCases.SINGLECONTENT2_update_comment" name="checkStatusCode" time="0.005"/>
  <system-out/>
  <testcase classname="com.medelz.testCases.SINGLECONTENT2_update_comment" name="checkserverType" time="0.014"/>
  <system-out/>
  <testcase classname="com.medelz.testCases.SINGLECONTENT2_update_comment" name="checkResponseTime" time="0.003"/>
  <system-out/>
  <testcase classname="com.medelz.testCases.SINGLECONTENT2_update_comment" name="checkContentType" time="0.012"/>
  <system-out/>
  <testcase classname="com.medelz.testCases.SINGLECONTENT2_update_comment" name="checkResposeBody" time="0.020"/>
  <system-out/>
</testsuite> <!-- com.medelz.testCases.SINGLECONTENT2_update_comment -->
