<?xml version="1.0" encoding="UTF-8"?>
<!-- Generated by org.testng.reporters.JUnitReportReporter -->
<testsuite hostname="DESKTOP-AT6REJ3" failures="0" tests="5" name="com.medelz.testCases.SINGLECONTENT2_content_suggestions" time="0.033" errors="0" timestamp="2024-01-11T17:07:22 PKT" skipped="0">
  <testcase classname="com.medelz.testCases.SINGLECONTENT2_content_suggestions" name="checkResponseTime" time="0.003"/>
  <system-out/>
  <testcase classname="com.medelz.testCases.SINGLECONTENT2_content_suggestions" name="checkserverType" time="0.002"/>
  <system-out/>
  <testcase classname="com.medelz.testCases.SINGLECONTENT2_content_suggestions" name="checkResposeBody" time="0.015"/>
  <system-out/>
  <testcase classname="com.medelz.testCases.SINGLECONTENT2_content_suggestions" name="checkStatusCode" time="0.005"/>
  <system-out/>
  <testcase classname="com.medelz.testCases.SINGLECONTENT2_content_suggestions" name="checkContentType" time="0.008"/>
  <system-out/>
</testsuite> <!-- com.medelz.testCases.SINGLECONTENT2_content_suggestions -->
