<?xml version="1.0" encoding="UTF-8"?>
<!-- Generated by org.testng.reporters.JUnitReportReporter -->
<testsuite hostname="DESKTOP-AT6REJ3" failures="0" tests="5" name="com.medelz.testCases.USERDETAILS_followed_user" time="0.050" errors="0" timestamp="2024-01-11T17:35:17 PKT" skipped="0">
  <testcase classname="com.medelz.testCases.USERDETAILS_followed_user" name="checkStatusCode" time="0.004"/>
  <system-out/>
  <testcase classname="com.medelz.testCases.USERDETAILS_followed_user" name="checkserverType" time="0.007"/>
  <system-out/>
  <testcase classname="com.medelz.testCases.USERDETAILS_followed_user" name="checkResponseTime" time="0.007"/>
  <system-out/>
  <testcase classname="com.medelz.testCases.USERDETAILS_followed_user" name="checkContentType" time="0.011"/>
  <system-out/>
  <testcase classname="com.medelz.testCases.USERDETAILS_followed_user" name="checkResposeBody" time="0.021"/>
  <system-out/>
</testsuite> <!-- com.medelz.testCases.USERDETAILS_followed_user -->
