<?xml version="1.0" encoding="UTF-8"?>
<!-- Generated by org.testng.reporters.JUnitReportReporter -->
<testsuite hostname="DESKTOP-AT6REJ3" failures="0" tests="5" name="com.medelz.testCases.SINGLECONTENT2_single_content" time="0.012" errors="0" timestamp="2024-01-15T11:36:19 PKT" skipped="0">
  <testcase classname="com.medelz.testCases.SINGLECONTENT2_single_content" name="checkStatusCode" time="0.002"/>
  <system-out/>
  <testcase classname="com.medelz.testCases.SINGLECONTENT2_single_content" name="checkResposeBody" time="0.002"/>
  <system-out/>
  <testcase classname="com.medelz.testCases.SINGLECONTENT2_single_content" name="checkserverType" time="0.003"/>
  <system-out/>
  <testcase classname="com.medelz.testCases.SINGLECONTENT2_single_content" name="checkResponseTime" time="0.004"/>
  <system-out/>
  <testcase classname="com.medelz.testCases.SINGLECONTENT2_single_content" name="checkContentType" time="0.001"/>
  <system-out/>
</testsuite> <!-- com.medelz.testCases.SINGLECONTENT2_single_content -->
