<?xml version="1.0" encoding="UTF-8"?>
<!-- Generated by org.testng.reporters.JUnitReportReporter -->
<testsuite hostname="DESKTOP-AT6REJ3" failures="0" tests="5" name="com.medelz.testCases.PLAYLIST_public_playlist_song" time="0.050" errors="0" timestamp="2024-01-11T11:55:32 PKT" skipped="0">
  <testcase classname="com.medelz.testCases.PLAYLIST_public_playlist_song" name="checkResponseTime" time="0.005"/>
  <system-out/>
  <testcase classname="com.medelz.testCases.PLAYLIST_public_playlist_song" name="checkserverType" time="0.007"/>
  <system-out/>
  <testcase classname="com.medelz.testCases.PLAYLIST_public_playlist_song" name="checkContentType" time="0.012"/>
  <system-out/>
  <testcase classname="com.medelz.testCases.PLAYLIST_public_playlist_song" name="checkResposeBody" time="0.020"/>
  <system-out/>
  <testcase classname="com.medelz.testCases.PLAYLIST_public_playlist_song" name="checkStatusCode" time="0.006"/>
  <system-out/>
</testsuite> <!-- com.medelz.testCases.PLAYLIST_public_playlist_song -->
