<?xml version="1.0" encoding="UTF-8"?>
<!-- Generated by org.testng.reporters.JUnitReportReporter -->
<testsuite hostname="DESKTOP-AT6REJ3" failures="0" tests="5" name="com.medelz.testCases.ALBUM_add_to_album" time="0.018" errors="0" timestamp="2024-01-16T04:59:42 PKT" skipped="0">
  <testcase classname="com.medelz.testCases.ALBUM_add_to_album" name="checkResponseTime" time="0.006"/>
  <system-out/>
  <testcase classname="com.medelz.testCases.ALBUM_add_to_album" name="checkResposeBody" time="0.004"/>
  <system-out/>
  <testcase classname="com.medelz.testCases.ALBUM_add_to_album" name="checkContentType" time="0.004"/>
  <system-out/>
  <testcase classname="com.medelz.testCases.ALBUM_add_to_album" name="checkserverType" time="0.002"/>
  <system-out/>
  <testcase classname="com.medelz.testCases.ALBUM_add_to_album" name="checkStatusCode" time="0.002"/>
  <system-out/>
</testsuite> <!-- com.medelz.testCases.ALBUM_add_to_album -->
