<?xml version="1.0" encoding="UTF-8"?>
<!-- Generated by org.testng.reporters.JUnitReportReporter -->
<testsuite hostname="DESKTOP-AT6REJ3" failures="0" tests="5" name="com.medelz.testCases.ALBUM_get_album_and_playlist" time="0.010" errors="0" timestamp="2024-01-15T11:25:20 PKT" skipped="0">
  <testcase classname="com.medelz.testCases.ALBUM_get_album_and_playlist" name="checkResposeBody" time="0.004"/>
  <system-out/>
  <testcase classname="com.medelz.testCases.ALBUM_get_album_and_playlist" name="checkserverType" time="0.002"/>
  <system-out/>
  <testcase classname="com.medelz.testCases.ALBUM_get_album_and_playlist" name="checkContentType" time="0.001"/>
  <system-out/>
  <testcase classname="com.medelz.testCases.ALBUM_get_album_and_playlist" name="checkResponseTime" time="0.001"/>
  <system-out/>
  <testcase classname="com.medelz.testCases.ALBUM_get_album_and_playlist" name="checkStatusCode" time="0.002"/>
  <system-out/>
</testsuite> <!-- com.medelz.testCases.ALBUM_get_album_and_playlist -->
