<?xml version="1.0" encoding="UTF-8"?>
<!-- Generated by org.testng.reporters.JUnitReportReporter -->
<testsuite hostname="DESKTOP-AT6REJ3" failures="0" tests="5" name="com.medelz.testCases.PREREGIS_pre_registration_otp" time="0.012" errors="0" timestamp="2024-01-16T10:30:17 PKT" skipped="0">
  <testcase classname="com.medelz.testCases.PREREGIS_pre_registration_otp" name="checkserverType" time="0.002"/>
  <system-out/>
  <testcase classname="com.medelz.testCases.PREREGIS_pre_registration_otp" name="checkContentType" time="0.002"/>
  <system-out/>
  <testcase classname="com.medelz.testCases.PREREGIS_pre_registration_otp" name="checkResponseTime" time="0.003"/>
  <system-out/>
  <testcase classname="com.medelz.testCases.PREREGIS_pre_registration_otp" name="checkResposeBody" time="0.003"/>
  <system-out/>
  <testcase classname="com.medelz.testCases.PREREGIS_pre_registration_otp" name="checkStatusCode" time="0.002"/>
  <system-out/>
</testsuite> <!-- com.medelz.testCases.PREREGIS_pre_registration_otp -->
