<?xml version="1.0" encoding="UTF-8"?>
<!-- Generated by org.testng.reporters.JUnitReportReporter -->
<testsuite hostname="DESKTOP-AT6REJ3" failures="0" tests="5" name="com.medelz.testCases.SINGLECONTENT2_add_feedback" time="0.078" errors="0" timestamp="2024-01-11T17:10:35 PKT" skipped="0">
  <testcase classname="com.medelz.testCases.SINGLECONTENT2_add_feedback" name="checkResponseTime" time="0.006"/>
  <system-out/>
  <testcase classname="com.medelz.testCases.SINGLECONTENT2_add_feedback" name="checkserverType" time="0.024"/>
  <system-out/>
  <testcase classname="com.medelz.testCases.SINGLECONTENT2_add_feedback" name="checkResposeBody" time="0.019"/>
  <system-out/>
  <testcase classname="com.medelz.testCases.SINGLECONTENT2_add_feedback" name="checkStatusCode" time="0.016"/>
  <system-out/>
  <testcase classname="com.medelz.testCases.SINGLECONTENT2_add_feedback" name="checkContentType" time="0.013"/>
  <system-out/>
</testsuite> <!-- com.medelz.testCases.SINGLECONTENT2_add_feedback -->
