<?xml version="1.0" encoding="UTF-8"?>
<!-- Generated by org.testng.reporters.JUnitReportReporter -->
<testsuite hostname="DESKTOP-AT6REJ3" failures="0" tests="5" name="com.medelz.testCases.PLAYLIST_get_playlist_song" time="0.042" errors="0" timestamp="2024-01-11T12:08:28 PKT" skipped="0">
  <testcase classname="com.medelz.testCases.PLAYLIST_get_playlist_song" name="checkResponseTime" time="0.003"/>
  <system-out/>
  <testcase classname="com.medelz.testCases.PLAYLIST_get_playlist_song" name="checkserverType" time="0.006"/>
  <system-out/>
  <testcase classname="com.medelz.testCases.PLAYLIST_get_playlist_song" name="checkResposeBody" time="0.016"/>
  <system-out/>
  <testcase classname="com.medelz.testCases.PLAYLIST_get_playlist_song" name="checkStatusCode" time="0.005"/>
  <system-out/>
  <testcase classname="com.medelz.testCases.PLAYLIST_get_playlist_song" name="checkContentType" time="0.012"/>
  <system-out/>
</testsuite> <!-- com.medelz.testCases.PLAYLIST_get_playlist_song -->
