<?xml version="1.0" encoding="UTF-8"?>
<!-- Generated by org.testng.reporters.JUnitReportReporter -->
<testsuite hostname="DESKTOP-AT6REJ3" failures="0" tests="5" name="com.medelz.testCases.USERDETAILS_private_user_details" time="0.076" errors="0" timestamp="2024-01-11T17:16:41 PKT" skipped="0">
  <testcase classname="com.medelz.testCases.USERDETAILS_private_user_details" name="checkResposeBody" time="0.043"/>
  <system-out/>
  <testcase classname="com.medelz.testCases.USERDETAILS_private_user_details" name="checkStatusCode" time="0.003"/>
  <system-out/>
  <testcase classname="com.medelz.testCases.USERDETAILS_private_user_details" name="checkResponseTime" time="0.004"/>
  <system-out/>
  <testcase classname="com.medelz.testCases.USERDETAILS_private_user_details" name="checkContentType" time="0.021"/>
  <system-out/>
  <testcase classname="com.medelz.testCases.USERDETAILS_private_user_details" name="checkserverType" time="0.005"/>
  <system-out/>
</testsuite> <!-- com.medelz.testCases.USERDETAILS_private_user_details -->
